Copyright 1986-2018 Xilinx, Inc. All Rights Reserved.
------------------------------------------------------------------------------------
| Tool Version : Vivado v.2018.2 (win64) Build 2258646 Thu Jun 14 20:03:12 MDT 2018
| Date         : Fri Apr 12 23:40:00 2019
| Host         : DESKTOP-U2FBRCJ running 64-bit major release  (build 9200)
| Command      : report_control_sets -verbose -file Main_control_sets_placed.rpt
| Design       : Main
| Device       : xc7a100t
------------------------------------------------------------------------------------

Control Set Information

Table of Contents
-----------------
1. Summary
2. Histogram
3. Flip-Flop Distribution
4. Detailed Control Set Information

1. Summary
----------

+----------------------------------------------------------+-------+
|                          Status                          | Count |
+----------------------------------------------------------+-------+
| Number of unique control sets                            |    34 |
| Unused register locations in slices containing registers |    50 |
+----------------------------------------------------------+-------+


2. Histogram
------------

+--------+--------------+
| Fanout | Control Sets |
+--------+--------------+
|      6 |            1 |
|     10 |            1 |
|     14 |            1 |
|    16+ |           31 |
+--------+--------------+


3. Flip-Flop Distribution
-------------------------

+--------------+-----------------------+------------------------+-----------------+--------------+
| Clock Enable | Synchronous Set/Reset | Asynchronous Set/Reset | Total Registers | Total Slices |
+--------------+-----------------------+------------------------+-----------------+--------------+
| No           | No                    | No                     |             344 |           71 |
| No           | No                    | Yes                    |               0 |            0 |
| No           | Yes                   | No                     |              38 |            5 |
| Yes          | No                    | No                     |            2594 |          401 |
| Yes          | No                    | Yes                    |               0 |            0 |
| Yes          | Yes                   | No                     |             206 |           31 |
+--------------+-----------------------+------------------------+-----------------+--------------+


4. Detailed Control Set Information
-----------------------------------

+--------------------+--------------------------------------------------------------------------------------------------------------------------------------+------------------------------------------------------------------------------------------------------------------------+------------------+----------------+
|    Clock Signal    |                                                             Enable Signal                                                            |                                                    Set/Reset Signal                                                    | Slice Load Count | Bel Load Count |
+--------------------+--------------------------------------------------------------------------------------------------------------------------------------+------------------------------------------------------------------------------------------------------------------------+------------------+----------------+
|  CLK/inst/clk_out1 | RX/baud8_tick_blk/acc[18]                                                                                                            |                                                                                                                        |                1 |              6 |
|  CLK/inst/clk_out1 | FFT/FFTcore/U0/i_synth/axi_wrapper/cnt_reg[3].addsub_reg                                                                             | FFT/FFTcore/U0/i_synth/xfft_inst/non_floating_point.arch_c.xfft_inst/control/cntrl/process_state_s                     |                2 |             10 |
|  CLK/inst/clk_out1 | FFT/FFTcore/U0/i_synth/xfft_inst/non_floating_point.arch_c.xfft_inst/control/cntrl/processing_state/ce_pedelay                       |                                                                                                                        |                3 |             14 |
|  CLK/inst/clk_out1 | FFT/LoadFFT/t[7]_i_2__1_n_0                                                                                                          | FFT/LoadFFT/clear                                                                                                      |                2 |             16 |
|  CLK/inst/clk_out1 | FFT/UnloadFFT/t[7]_i_2__0_n_0                                                                                                        | FFT/UnloadFFT/t[7]_i_1__1_n_0                                                                                          |                2 |             16 |
|  CLK/inst/clk_out1 | SaveUART/in_uart[23]_i_1_n_0                                                                                                         |                                                                                                                        |                3 |             16 |
|  CLK/inst/clk_out1 | SaveUART/in_uart[31]_i_1_n_0                                                                                                         |                                                                                                                        |                3 |             16 |
|  CLK/inst/clk_out1 | SaveUART/in_uart[15]_i_1_n_0                                                                                                         |                                                                                                                        |                2 |             16 |
|  CLK/inst/clk_out1 | SaveUART/in_uart[7]_i_1_n_0                                                                                                          |                                                                                                                        |                3 |             16 |
|  CLK/inst/clk_out1 | SendUART/t[7]_i_2_n_0                                                                                                                | SendUART/t[7]_i_1_n_0                                                                                                  |                3 |             16 |
|  CLK/inst/clk_out1 | SendUART/tx_data_next                                                                                                                |                                                                                                                        |                3 |             16 |
|  CLK/inst/clk_out1 | RX/uart_rx_blk/rx_data[7]_i_1_n_0                                                                                                    |                                                                                                                        |                3 |             16 |
|  CLK/inst/clk_out1 | TX/uart_tx_blk/tx_data_reg[7]_i_1_n_0                                                                                                |                                                                                                                        |                2 |             16 |
|  CLK/inst/clk_out1 | FFT/LoadFFT/dir_time[14]_i_2_n_0                                                                                                     | FFT/LoadFFT/dir_time[14]_i_1_n_0                                                                                       |                4 |             28 |
|  CLK/inst/clk_out1 | SendUART/dir_out_uart_next                                                                                                           | SendUART/dir_out_uart[14]_i_1_n_0                                                                                      |                4 |             28 |
|  CLK/inst/clk_out1 | FFT/UnloadFFT/dir_frequency[14]_i_1_n_0                                                                                              |                                                                                                                        |                3 |             30 |
|  CLK/inst/clk_out1 | SaveUART/ENA                                                                                                                         | SaveUART/dir_in_uart[14]_i_1_n_0                                                                                       |                5 |             30 |
|  CLK/inst/clk_out1 | FFT/FFTcore/U0/i_synth/axi_wrapper/symbols_out_remaining[14]_i_1_n_0                                                                 |                                                                                                                        |                4 |             30 |
|  CLK/inst/clk_out1 | FFT/FFTcore/U0/i_synth/xfft_inst/non_floating_point.arch_c.xfft_inst/control/cntrl/processing_state/no_early_reg.I_TC_reg            | FFT/FFTcore/U0/i_synth/xfft_inst/non_floating_point.arch_c.xfft_inst/control/cntrl/loading_state/no_early_reg.I_TC_reg |                5 |             30 |
|  CLK/inst/clk_out1 | FFT/FFTcore/U0/i_synth/axi_wrapper/ce_w2c                                                                                            | FFT/FFTcore/U0/i_synth/axi_wrapper/load_state_s_1_reg                                                                  |                4 |             32 |
|  CLK/inst/clk_out1 | FFT/FFTcore/U0/i_synth/axi_wrapper/i_ce_and_scale_sch_we                                                                             |                                                                                                                        |                6 |             32 |
|  CLK/inst/clk_out1 | FFT/FFTcore/U0/i_synth/axi_wrapper/xn_index_counter_ce                                                                               |                                                                                                                        |                5 |             34 |
|  CLK/inst/clk_out1 | FFT/FFTcore/U0/i_synth/xfft_inst/non_floating_point.arch_c.xfft_inst/control/cntrl/has_unloading.unloading_state/xk_index_counter_ce |                                                                                                                        |                5 |             34 |
|  CLK/inst/clk_out1 |                                                                                                                                      | TX/uart_tx_blk/SR[0]                                                                                                   |                5 |             38 |
|  CLK/inst/clk_out1 | FFT/FFTcore/U0/i_synth/xfft_inst/non_floating_point.arch_c.xfft_inst/control/delay_line_for_ld_start/E[0]                            |                                                                                                                        |                4 |             56 |
|  CLK/inst/clk_out1 | FFT/LoadFFT/data_tdata[31]_i_1_n_0                                                                                                   |                                                                                                                        |               23 |             64 |
|  CLK/inst/clk_out1 | FFT/UnloadFFT/dato_frequency_next                                                                                                    |                                                                                                                        |               17 |             64 |
|  CLK/inst/clk_out1 | FFT/FFTcore/U0/i_synth/axi_wrapper/data_in_channel_fifo/gen_non_real_time.data_in_fifo_pt1/p_8_out                                   |                                                                                                                        |                5 |             64 |
|  CLK/inst/clk_out1 | FFT/FFTcore/U0/i_synth/axi_wrapper/data_in_channel_fifo/gen_non_real_time.data_in_fifo_pt1/wr_enable                                 |                                                                                                                        |                4 |             64 |
|  CLK/inst/clk_out1 | FFT/FFTcore/U0/i_synth/axi_wrapper/data_in_channel_fifo/gen_non_real_time.data_in_fifo_pt1/p_4_out5_out                              |                                                                                                                        |                7 |             64 |
|  CLK/inst/clk_out1 | FFT/FFTcore/U0/i_synth/axi_wrapper/data_out_channel/data_out_fifo_write                                                              |                                                                                                                        |                4 |             64 |
|  CLK/inst/clk_out1 | FFT/FFTcore/U0/i_synth/axi_wrapper/data_out_channel/gen_non_real_time.fifo/fifo0/rd_enable                                           |                                                                                                                        |                5 |             66 |
|  CLK/inst/clk_out1 |                                                                                                                                      |                                                                                                                        |               72 |            346 |
|  CLK/inst/clk_out1 | FFT/FFTcore/U0/i_synth/axi_wrapper/ce_w2c                                                                                            |                                                                                                                        |              319 |           2228 |
+--------------------+--------------------------------------------------------------------------------------------------------------------------------------+------------------------------------------------------------------------------------------------------------------------+------------------+----------------+


